>> I don't know what to do with event number 16. Ignoring it..
>> Entramos por el configure request 23
entramos por el map request 
>> dentro del map request mapreq window 4194329
>> Entramos por el configure notify 22
>> I don't know what to do with event number 19. Ignoring it..
entrammos por el button press
>> button release detail 3
entrammos por el button press
>> button release detail 1
entrammos por el button press
>> button release detail 3
>> Entramos por el mapping notify 34
>> Entramos por el mapping notify 34
>> Entramos por el enter notify 0
>> Entramos por el enter notify 0
>> Entramos por el enter notify 0
>> Entramos por el enter notify 0
entrammos por el button press
>> dentro del button press button child 4194329
>> dentro del button press button detail 3
>>>> RESIZE CALL
>> button release detail 3
>> Entramos por el enter notify 4194330
>> Entramos por el enter notify 0
entrammos por el button press
>> dentro del button press button child 4194329
>> dentro del button press button detail 3
>>>> RESIZE CALL
motion notify called 4194329
>> Entramos por el configure notify 22
motion notify called 4194329
>> Entramos por el configure notify 22
motion notify called 4194329
>> Entramos por el configure notify 22
motion notify called 4194329
>> Entramos por el configure notify 22
motion notify called 4194329
>> Entramos por el configure notify 22
motion notify called 4194329
>> Entramos por el configure notify 22
motion notify called 4194329
>> Entramos por el configure notify 22
motion notify called 4194329
>> Entramos por el configure notify 22
motion notify called 4194329
>> Entramos por el configure notify 22
motion notify called 4194329
>> Entramos por el configure notify 22
motion notify called 4194329
>> Entramos por el configure notify 22
motion notify called 4194329
>> Entramos por el configure notify 22
motion notify called 4194329
>> Entramos por el configure notify 22
motion notify called 4194329
>> Entramos por el configure notify 22
motion notify called 4194329
>> Entramos por el configure notify 22
motion notify called 4194329
>> Entramos por el configure notify 22
motion notify called 4194329
>> Entramos por el configure notify 22
motion notify called 4194329
>> Entramos por el configure notify 22
motion notify called 4194329
>> Entramos por el configure notify 22
motion notify called 4194329
>> Entramos por el configure notify 22
motion notify called 4194329
>> Entramos por el configure notify 22
motion notify called 4194329
>> Entramos por el configure notify 22
motion notify called 4194329
>> Entramos por el configure notify 22
motion notify called 4194329
>> Entramos por el configure notify 22
motion notify called 4194329
>> Entramos por el configure notify 22
motion notify called 4194329
>> Entramos por el configure notify 22
motion notify called 0
motion notify called 0
motion notify called 0
motion notify called 0
motion notify called 0
motion notify called 0
motion notify called 0
motion notify called 0
motion notify called 0
motion notify called 0
motion notify called 0
motion notify called 0
motion notify called 0
motion notify called 0
motion notify called 0
motion notify called 0
motion notify called 0
motion notify called 0
motion notify called 0
motion notify called 0
motion notify called 0
motion notify called 0
motion notify called 0
>> button release detail 3
>> Entramos por el enter notify 4194330
>> Entramos por el enter notify 0
>> Entramos por el enter notify 0
>> Entramos por el enter notify 0
>> Entramos por el enter notify 0
>> Entramos por el enter notify 0
entrammos por el button press
>> dentro del button press button child 4194329
>> dentro del button press button detail 3
>>>> RESIZE CALL
motion notify called 4194329
>> Entramos por el configure notify 22
motion notify called 4194329
>> Entramos por el configure notify 22
motion notify called 4194329
>> Entramos por el configure notify 22
motion notify called 4194329
>> Entramos por el configure notify 22
motion notify called 4194329
>> Entramos por el configure notify 22
motion notify called 4194329
>> Entramos por el configure notify 22
motion notify called 4194329
>> Entramos por el configure notify 22
motion notify called 4194329
>> Entramos por el configure notify 22
motion notify called 4194329
>> Entramos por el configure notify 22
motion notify called 4194329
>> Entramos por el configure notify 22
motion notify called 0
motion notify called 0
motion notify called 0
motion notify called 0
motion notify called 0
motion notify called 0
motion notify called 0
motion notify called 0
motion notify called 0
motion notify called 0
motion notify called 0
motion notify called 0
motion notify called 0
motion notify called 0
motion notify called 0
motion notify called 0
motion notify called 0
motion notify called 0
motion notify called 0
>> button release detail 3
>> Entramos por el enter notify 4194330
>> Entramos por el enter notify 0
>> Entramos por el enter notify 0
>> Entramos por el enter notify 0
>> Entramos por el enter notify 0
>> Entramos por el enter notify 0
entrammos por el button press
>> dentro del button press button child 4194329
>> dentro del button press button detail 3
>>>> RESIZE CALL
motion notify called 4194329
>> Entramos por el configure notify 22
motion notify called 4194329
>> Entramos por el configure notify 22
motion notify called 4194329
>> Entramos por el configure notify 22
motion notify called 4194329
>> Entramos por el configure notify 22
motion notify called 4194329
>> Entramos por el configure notify 22
motion notify called 4194329
>> Entramos por el configure notify 22
motion notify called 4194329
>> Entramos por el configure notify 22
motion notify called 4194329
>> Entramos por el configure notify 22
motion notify called 4194329
>> Entramos por el configure notify 22
motion notify called 4194329
>> Entramos por el configure notify 22
motion notify called 4194329
>> Entramos por el configure notify 22
motion notify called 0
motion notify called 0
motion notify called 0
motion notify called 0
motion notify called 0
motion notify called 0
motion notify called 0
motion notify called 0
motion notify called 0
motion notify called 0
motion notify called 0
motion notify called 0
motion notify called 0
motion notify called 0
motion notify called 0
motion notify called 0
>> button release detail 3
>> Entramos por el enter notify 4194330
>> Entramos por el enter notify 0
>> I don't know what to do with event number 18. Ignoring it..
>> entramos por destroy notify
